This is pdfTeX, Version 3.14159265-2.6-1.40.16 (MiKTeX 2.9) (preloaded format=pdflatex 2015.12.5)  28 JUN 2017 16:16
entering extended mode
**thesis.tex
(thesis.tex
LaTeX2e <2015/01/01> patch level 2
Babel <3.9m> and hyphenation patterns for 69 languages loaded.
("C:\Program Files (x86)\MiKTeX 2.9\tex\latex\base\report.cls"
Document Class: report 2014/09/29 v1.4h Standard LaTeX document class
("C:\Program Files (x86)\MiKTeX 2.9\tex\latex\base\size12.clo"
File: size12.clo 2014/09/29 v1.4h Standard LaTeX file (size option)
)
\c@part=\count79
\c@chapter=\count80
\c@section=\count81
\c@subsection=\count82
\c@subsubsection=\count83
\c@paragraph=\count84
\c@subparagraph=\count85
\c@figure=\count86
\c@table=\count87
\abovecaptionskip=\skip41
\belowcaptionskip=\skip42
\bibindent=\dimen102
)
("C:\Program Files (x86)\MiKTeX 2.9\tex\latex\polski\polski.sty"
Package: polski 2008/02/24 v1.3.3 Polish language package

Document language package `polski' v1.3.3 <2008/02/24>
\l@nohyphenation=\language70
   Switching to Polish text encoding and Polish maths fonts.
("C:\Program Files (x86)\MiKTeX 2.9\tex\latex\base\ot4enc.def"
File: ot4enc.def 2005/09/27 v1.99g Standard LaTeX file
)
LaTeX Font Info:    Try loading font information for OT4+cmr on input line 346.


("C:\Program Files (x86)\MiKTeX 2.9\tex\latex\polski\ot4cmr.fd"
File: ot4cmr.fd 2008/02/24 v1.2.1 Font defs for fonts PL (MW)
)
LaTeX Font Info:    Overwriting math alphabet `\mathbf' in version `normal'
(Font)                  OT1/cmr/bx/n --> OT4/cmr/bx/n on input line 346.
LaTeX Font Info:    Overwriting math alphabet `\mathsf' in version `normal'
(Font)                  OT1/cmss/m/n --> OT4/cmss/m/n on input line 346.
LaTeX Font Info:    Overwriting math alphabet `\mathit' in version `normal'
(Font)                  OT1/cmr/m/it --> OT4/cmr/m/it on input line 346.
LaTeX Font Info:    Overwriting math alphabet `\mathtt' in version `normal'
(Font)                  OT1/cmtt/m/n --> OT4/cmtt/m/n on input line 346.
LaTeX Font Info:    Overwriting math alphabet `\mathsf' in version `bold'
(Font)                  OT1/cmss/bx/n --> OT4/cmss/bx/n on input line 346.
LaTeX Font Info:    Overwriting math alphabet `\mathit' in version `bold'
(Font)                  OT1/cmr/bx/it --> OT4/cmr/bx/it on input line 346.
LaTeX Font Info:    Encoding `OT1' has changed to `OT4' for symbol font
(Font)              `operators' in the math version `normal' on input line 346.

LaTeX Font Info:    Overwriting symbol font `operators' in version `normal'
(Font)                  OT1/cmr/m/n --> OT4/cmr/m/n on input line 346.
LaTeX Font Info:    Overwriting symbol font `letters' in version `normal'
(Font)                  OML/cmm/m/it --> OML/plm/m/it on input line 346.
LaTeX Font Info:    Overwriting symbol font `symbols' in version `normal'
(Font)                  OMS/cmsy/m/n --> OMS/plsy/m/n on input line 346.
LaTeX Font Info:    Overwriting symbol font `largesymbols' in version `normal'
(Font)                  OMX/cmex/m/n --> OMX/plex/m/n on input line 346.
LaTeX Font Info:    Encoding `OT1' has changed to `OT4' for symbol font
(Font)              `operators' in the math version `bold' on input line 346.
LaTeX Font Info:    Overwriting symbol font `operators' in version `bold'
(Font)                  OT1/cmr/bx/n --> OT4/cmr/bx/n on input line 346.
LaTeX Font Info:    Overwriting symbol font `letters' in version `bold'
(Font)                  OML/cmm/b/it --> OML/plm/b/it on input line 346.
LaTeX Font Info:    Overwriting symbol font `symbols' in version `bold'
(Font)                  OMS/cmsy/b/n --> OMS/plsy/b/n on input line 346.
)
("C:\Program Files (x86)\MiKTeX 2.9\tex\latex\base\inputenc.sty"
Package: inputenc 2015/03/17 v1.2c Input encoding file
\inpenc@prehook=\toks14
\inpenc@posthook=\toks15

("C:\Program Files (x86)\MiKTeX 2.9\tex\latex\base\utf8.def"
File: utf8.def 2015/06/27 v1.1n UTF-8 support for inputenc
Now handling font encoding OML ...
... no UTF-8 mapping file for font encoding OML
Now handling font encoding T1 ...
... processing UTF-8 mapping file for font encoding T1

("C:\Program Files (x86)\MiKTeX 2.9\tex\latex\base\t1enc.dfu"
File: t1enc.dfu 2015/06/27 v1.1n UTF-8 support for inputenc
   defining Unicode char U+00A1 (decimal 161)
   defining Unicode char U+00A3 (decimal 163)
   defining Unicode char U+00AB (decimal 171)
   defining Unicode char U+00BB (decimal 187)
   defining Unicode char U+00BF (decimal 191)
   defining Unicode char U+00C0 (decimal 192)
   defining Unicode char U+00C1 (decimal 193)
   defining Unicode char U+00C2 (decimal 194)
   defining Unicode char U+00C3 (decimal 195)
   defining Unicode char U+00C4 (decimal 196)
   defining Unicode char U+00C5 (decimal 197)
   defining Unicode char U+00C6 (decimal 198)
   defining Unicode char U+00C7 (decimal 199)
   defining Unicode char U+00C8 (decimal 200)
   defining Unicode char U+00C9 (decimal 201)
   defining Unicode char U+00CA (decimal 202)
   defining Unicode char U+00CB (decimal 203)
   defining Unicode char U+00CC (decimal 204)
   defining Unicode char U+00CD (decimal 205)
   defining Unicode char U+00CE (decimal 206)
   defining Unicode char U+00CF (decimal 207)
   defining Unicode char U+00D0 (decimal 208)
   defining Unicode char U+00D1 (decimal 209)
   defining Unicode char U+00D2 (decimal 210)
   defining Unicode char U+00D3 (decimal 211)
   defining Unicode char U+00D4 (decimal 212)
   defining Unicode char U+00D5 (decimal 213)
   defining Unicode char U+00D6 (decimal 214)
   defining Unicode char U+00D8 (decimal 216)
   defining Unicode char U+00D9 (decimal 217)
   defining Unicode char U+00DA (decimal 218)
   defining Unicode char U+00DB (decimal 219)
   defining Unicode char U+00DC (decimal 220)
   defining Unicode char U+00DD (decimal 221)
   defining Unicode char U+00DE (decimal 222)
   defining Unicode char U+00DF (decimal 223)
   defining Unicode char U+00E0 (decimal 224)
   defining Unicode char U+00E1 (decimal 225)
   defining Unicode char U+00E2 (decimal 226)
   defining Unicode char U+00E3 (decimal 227)
   defining Unicode char U+00E4 (decimal 228)
   defining Unicode char U+00E5 (decimal 229)
   defining Unicode char U+00E6 (decimal 230)
   defining Unicode char U+00E7 (decimal 231)
   defining Unicode char U+00E8 (decimal 232)
   defining Unicode char U+00E9 (decimal 233)
   defining Unicode char U+00EA (decimal 234)
   defining Unicode char U+00EB (decimal 235)
   defining Unicode char U+00EC (decimal 236)
   defining Unicode char U+00ED (decimal 237)
   defining Unicode char U+00EE (decimal 238)
   defining Unicode char U+00EF (decimal 239)
   defining Unicode char U+00F0 (decimal 240)
   defining Unicode char U+00F1 (decimal 241)
   defining Unicode char U+00F2 (decimal 242)
   defining Unicode char U+00F3 (decimal 243)
   defining Unicode char U+00F4 (decimal 244)
   defining Unicode char U+00F5 (decimal 245)
   defining Unicode char U+00F6 (decimal 246)
   defining Unicode char U+00F8 (decimal 248)
   defining Unicode char U+00F9 (decimal 249)
   defining Unicode char U+00FA (decimal 250)
   defining Unicode char U+00FB (decimal 251)
   defining Unicode char U+00FC (decimal 252)
   defining Unicode char U+00FD (decimal 253)
   defining Unicode char U+00FE (decimal 254)
   defining Unicode char U+00FF (decimal 255)
   defining Unicode char U+0102 (decimal 258)
   defining Unicode char U+0103 (decimal 259)
   defining Unicode char U+0104 (decimal 260)
   defining Unicode char U+0105 (decimal 261)
   defining Unicode char U+0106 (decimal 262)
   defining Unicode char U+0107 (decimal 263)
   defining Unicode char U+010C (decimal 268)
   defining Unicode char U+010D (decimal 269)
   defining Unicode char U+010E (decimal 270)
   defining Unicode char U+010F (decimal 271)
   defining Unicode char U+0110 (decimal 272)
   defining Unicode char U+0111 (decimal 273)
   defining Unicode char U+0118 (decimal 280)
   defining Unicode char U+0119 (decimal 281)
   defining Unicode char U+011A (decimal 282)
   defining Unicode char U+011B (decimal 283)
   defining Unicode char U+011E (decimal 286)
   defining Unicode char U+011F (decimal 287)
   defining Unicode char U+0130 (decimal 304)
   defining Unicode char U+0131 (decimal 305)
   defining Unicode char U+0132 (decimal 306)
   defining Unicode char U+0133 (decimal 307)
   defining Unicode char U+0139 (decimal 313)
   defining Unicode char U+013A (decimal 314)
   defining Unicode char U+013D (decimal 317)
   defining Unicode char U+013E (decimal 318)
   defining Unicode char U+0141 (decimal 321)
   defining Unicode char U+0142 (decimal 322)
   defining Unicode char U+0143 (decimal 323)
   defining Unicode char U+0144 (decimal 324)
   defining Unicode char U+0147 (decimal 327)
   defining Unicode char U+0148 (decimal 328)
   defining Unicode char U+014A (decimal 330)
   defining Unicode char U+014B (decimal 331)
   defining Unicode char U+0150 (decimal 336)
   defining Unicode char U+0151 (decimal 337)
   defining Unicode char U+0152 (decimal 338)
   defining Unicode char U+0153 (decimal 339)
   defining Unicode char U+0154 (decimal 340)
   defining Unicode char U+0155 (decimal 341)
   defining Unicode char U+0158 (decimal 344)
   defining Unicode char U+0159 (decimal 345)
   defining Unicode char U+015A (decimal 346)
   defining Unicode char U+015B (decimal 347)
   defining Unicode char U+015E (decimal 350)
   defining Unicode char U+015F (decimal 351)
   defining Unicode char U+0160 (decimal 352)
   defining Unicode char U+0161 (decimal 353)
   defining Unicode char U+0162 (decimal 354)
   defining Unicode char U+0163 (decimal 355)
   defining Unicode char U+0164 (decimal 356)
   defining Unicode char U+0165 (decimal 357)
   defining Unicode char U+016E (decimal 366)
   defining Unicode char U+016F (decimal 367)
   defining Unicode char U+0170 (decimal 368)
   defining Unicode char U+0171 (decimal 369)
   defining Unicode char U+0178 (decimal 376)
   defining Unicode char U+0179 (decimal 377)
   defining Unicode char U+017A (decimal 378)
   defining Unicode char U+017B (decimal 379)
   defining Unicode char U+017C (decimal 380)
   defining Unicode char U+017D (decimal 381)
   defining Unicode char U+017E (decimal 382)
   defining Unicode char U+200C (decimal 8204)
   defining Unicode char U+2013 (decimal 8211)
   defining Unicode char U+2014 (decimal 8212)
   defining Unicode char U+2018 (decimal 8216)
   defining Unicode char U+2019 (decimal 8217)
   defining Unicode char U+201A (decimal 8218)
   defining Unicode char U+201C (decimal 8220)
   defining Unicode char U+201D (decimal 8221)
   defining Unicode char U+201E (decimal 8222)
   defining Unicode char U+2030 (decimal 8240)
   defining Unicode char U+2031 (decimal 8241)
   defining Unicode char U+2039 (decimal 8249)
   defining Unicode char U+203A (decimal 8250)
   defining Unicode char U+2423 (decimal 9251)
)
Now handling font encoding OT1 ...
... processing UTF-8 mapping file for font encoding OT1

("C:\Program Files (x86)\MiKTeX 2.9\tex\latex\base\ot1enc.dfu"
File: ot1enc.dfu 2015/06/27 v1.1n UTF-8 support for inputenc
   defining Unicode char U+00A1 (decimal 161)
   defining Unicode char U+00A3 (decimal 163)
   defining Unicode char U+00B8 (decimal 184)
   defining Unicode char U+00BF (decimal 191)
   defining Unicode char U+00C5 (decimal 197)
   defining Unicode char U+00C6 (decimal 198)
   defining Unicode char U+00D8 (decimal 216)
   defining Unicode char U+00DF (decimal 223)
   defining Unicode char U+00E6 (decimal 230)
   defining Unicode char U+00EC (decimal 236)
   defining Unicode char U+00ED (decimal 237)
   defining Unicode char U+00EE (decimal 238)
   defining Unicode char U+00EF (decimal 239)
   defining Unicode char U+00F8 (decimal 248)
   defining Unicode char U+0131 (decimal 305)
   defining Unicode char U+0141 (decimal 321)
   defining Unicode char U+0142 (decimal 322)
   defining Unicode char U+0152 (decimal 338)
   defining Unicode char U+0153 (decimal 339)
   defining Unicode char U+2013 (decimal 8211)
   defining Unicode char U+2014 (decimal 8212)
   defining Unicode char U+2018 (decimal 8216)
   defining Unicode char U+2019 (decimal 8217)
   defining Unicode char U+201C (decimal 8220)
   defining Unicode char U+201D (decimal 8221)
)
Now handling font encoding OMS ...
... processing UTF-8 mapping file for font encoding OMS

("C:\Program Files (x86)\MiKTeX 2.9\tex\latex\base\omsenc.dfu"
File: omsenc.dfu 2015/06/27 v1.1n UTF-8 support for inputenc
   defining Unicode char U+00A7 (decimal 167)
   defining Unicode char U+00B6 (decimal 182)
   defining Unicode char U+00B7 (decimal 183)
   defining Unicode char U+2020 (decimal 8224)
   defining Unicode char U+2021 (decimal 8225)
   defining Unicode char U+2022 (decimal 8226)
)
Now handling font encoding OMX ...
... no UTF-8 mapping file for font encoding OMX
Now handling font encoding U ...
... no UTF-8 mapping file for font encoding U
Now handling font encoding OT4 ...
... no UTF-8 mapping file for font encoding OT4
   defining Unicode char U+00A9 (decimal 169)
   defining Unicode char U+00AA (decimal 170)
   defining Unicode char U+00AE (decimal 174)
   defining Unicode char U+00BA (decimal 186)
   defining Unicode char U+02C6 (decimal 710)
   defining Unicode char U+02DC (decimal 732)
   defining Unicode char U+200C (decimal 8204)
   defining Unicode char U+2026 (decimal 8230)
   defining Unicode char U+2122 (decimal 8482)
   defining Unicode char U+2423 (decimal 9251)
))
("C:\Program Files (x86)\MiKTeX 2.9\tex\latex\was\gensymb.sty"
Package: gensymb 2003/07/02 v1.0 (WaS)
)
("C:\Program Files (x86)\MiKTeX 2.9\tex\latex\epsf\epsf.sty"
This is `epsf.tex' v2.7.4 <14 February 2011>
\epsffilein=\read1
\epsfframemargin=\dimen103
\epsfframethickness=\dimen104
\epsfrsize=\dimen105
\epsftmp=\dimen106
\epsftsize=\dimen107
\epsfxsize=\dimen108
\epsfysize=\dimen109
\pspoints=\dimen110
) ("C:\Program Files (x86)\MiKTeX 2.9\tex\latex\graphics\graphicx.sty"
Package: graphicx 2014/10/28 v1.0g Enhanced LaTeX Graphics (DPC,SPQR)

("C:\Program Files (x86)\MiKTeX 2.9\tex\latex\graphics\keyval.sty"
Package: keyval 2014/10/28 v1.15 key=value parser (DPC)
\KV@toks@=\toks16
)
("C:\Program Files (x86)\MiKTeX 2.9\tex\latex\graphics\graphics.sty"
Package: graphics 2014/10/28 v1.0p Standard LaTeX Graphics (DPC,SPQR)

("C:\Program Files (x86)\MiKTeX 2.9\tex\latex\graphics\trig.sty"
Package: trig 1999/03/16 v1.09 sin cos tan (DPC)
)
("C:\Program Files (x86)\MiKTeX 2.9\tex\latex\00miktex\graphics.cfg"
File: graphics.cfg 2007/01/18 v1.5 graphics configuration of teTeX/TeXLive
)
Package graphics Info: Driver file: pdftex.def on input line 94.

("C:\Program Files (x86)\MiKTeX 2.9\tex\latex\pdftex-def\pdftex.def"
File: pdftex.def 2011/05/27 v0.06d Graphics/color for pdfTeX

("C:\Program Files (x86)\MiKTeX 2.9\tex\generic\oberdiek\infwarerr.sty"
Package: infwarerr 2010/04/08 v1.3 Providing info/warning/error messages (HO)
)
("C:\Program Files (x86)\MiKTeX 2.9\tex\generic\oberdiek\ltxcmds.sty"
Package: ltxcmds 2011/11/09 v1.22 LaTeX kernel commands for general use (HO)
)
\Gread@gobject=\count88
))
\Gin@req@height=\dimen111
\Gin@req@width=\dimen112
)
("C:\Program Files (x86)\MiKTeX 2.9\tex\latex\subfigure\subfigure.sty"
Package: subfigure 2002/07/30 v2.1.4 subfigure package
\subfigtopskip=\skip43
\subfigcapskip=\skip44
\subfigcaptopadj=\dimen113
\subfigbottomskip=\skip45
\subfigcapmargin=\dimen114
\subfiglabelskip=\skip46
\c@subfigure=\count89
\c@lofdepth=\count90
\c@subtable=\count91
\c@lotdepth=\count92

****************************************
* Local config file subfigure.cfg used *
****************************************
("C:\Program Files (x86)\MiKTeX 2.9\tex\latex\subfigure\subfigure.cfg")
\subfig@top=\skip47
\subfig@bottom=\skip48
)
("C:\Program Files (x86)\MiKTeX 2.9\tex\latex\base\latexsym.sty"
Package: latexsym 1998/08/17 v2.2e Standard LaTeX package (lasy symbols)
\symlasy=\mathgroup4
LaTeX Font Info:    Overwriting symbol font `lasy' in version `bold'
(Font)                  U/lasy/m/n --> U/lasy/b/n on input line 52.
)
("C:\Program Files (x86)\MiKTeX 2.9\tex\latex\amsfonts\amssymb.sty"
Package: amssymb 2013/01/14 v3.01 AMS font symbols

("C:\Program Files (x86)\MiKTeX 2.9\tex\latex\amsfonts\amsfonts.sty"
Package: amsfonts 2013/01/14 v3.01 Basic AMSFonts support
\@emptytoks=\toks17
\symAMSa=\mathgroup5
\symAMSb=\mathgroup6
LaTeX Font Info:    Overwriting math alphabet `\mathfrak' in version `bold'
(Font)                  U/euf/m/n --> U/euf/b/n on input line 106.
))
("C:\Program Files (x86)\MiKTeX 2.9\tex\latex\setspace\setspace.sty"
Package: setspace 2011/12/19 v6.7a set line spacing
)
("C:\Program Files (x86)\MiKTeX 2.9\tex\latex\cite\cite.sty"
LaTeX Info: Redefining \cite on input line 302.
LaTeX Info: Redefining \nocite on input line 332.
Package: cite 2015/02/27  v 5.5
)
("C:\Program Files (x86)\MiKTeX 2.9\tex\latex\tools\indentfirst.sty"
Package: indentfirst 1995/11/23 v1.03 Indent first paragraph (DPC)
)
("C:\Program Files (x86)\MiKTeX 2.9\tex\latex\mathtools\mathtools.sty"
Package: mathtools 2015/11/12 v1.18 mathematical typesetting tools

("C:\Program Files (x86)\MiKTeX 2.9\tex\latex\tools\calc.sty"
Package: calc 2014/10/28 v4.3 Infix arithmetic (KKT,FJ)
\calc@Acount=\count93
\calc@Bcount=\count94
\calc@Adimen=\dimen115
\calc@Bdimen=\dimen116
\calc@Askip=\skip49
\calc@Bskip=\skip50
LaTeX Info: Redefining \setlength on input line 80.
LaTeX Info: Redefining \addtolength on input line 81.
\calc@Ccount=\count95
\calc@Cskip=\skip51
)
("C:\Program Files (x86)\MiKTeX 2.9\tex\latex\mathtools\mhsetup.sty"
Package: mhsetup 2010/01/21 v1.2a programming setup (MH)
)
("C:\Program Files (x86)\MiKTeX 2.9\tex\latex\amsmath\amsmath.sty"
Package: amsmath 2013/01/14 v2.14 AMS math features
\@mathmargin=\skip52

For additional information on amsmath, use the `?' option.
("C:\Program Files (x86)\MiKTeX 2.9\tex\latex\amsmath\amstext.sty"
Package: amstext 2000/06/29 v2.01

("C:\Program Files (x86)\MiKTeX 2.9\tex\latex\amsmath\amsgen.sty"
File: amsgen.sty 1999/11/30 v2.0
\@emptytoks=\toks18
\ex@=\dimen117
))
("C:\Program Files (x86)\MiKTeX 2.9\tex\latex\amsmath\amsbsy.sty"
Package: amsbsy 1999/11/29 v1.2d
\pmbraise@=\dimen118
)
("C:\Program Files (x86)\MiKTeX 2.9\tex\latex\amsmath\amsopn.sty"
Package: amsopn 1999/12/14 v2.01 operator names
)
\inf@bad=\count96
LaTeX Info: Redefining \frac on input line 210.
\uproot@=\count97
\leftroot@=\count98
LaTeX Info: Redefining \overline on input line 306.
\classnum@=\count99
\DOTSCASE@=\count100
LaTeX Info: Redefining \ldots on input line 378.
LaTeX Info: Redefining \dots on input line 381.
LaTeX Info: Redefining \cdots on input line 466.
\Mathstrutbox@=\box26
\strutbox@=\box27
\big@size=\dimen119
LaTeX Font Info:    Redeclaring font encoding OML on input line 566.
LaTeX Font Info:    Redeclaring font encoding OMS on input line 567.
\macc@depth=\count101
\c@MaxMatrixCols=\count102
\dotsspace@=\muskip10
\c@parentequation=\count103
\dspbrk@lvl=\count104
\tag@help=\toks19
\row@=\count105
\column@=\count106
\maxfields@=\count107
\andhelp@=\toks20
\eqnshift@=\dimen120
\alignsep@=\dimen121
\tagshift@=\dimen122
\tagwidth@=\dimen123
\totwidth@=\dimen124
\lineht@=\dimen125
\@envbody=\toks21
\multlinegap=\skip53
\multlinetaggap=\skip54
\mathdisplay@stack=\toks22
LaTeX Info: Redefining \[ on input line 2665.
LaTeX Info: Redefining \] on input line 2666.
)
LaTeX Info: Thecontrolsequence`\('isalreadyrobust on input line 129.
LaTeX Info: Thecontrolsequence`\)'isalreadyrobust on input line 129.
LaTeX Info: Thecontrolsequence`\['isalreadyrobust on input line 129.
LaTeX Info: Thecontrolsequence`\]'isalreadyrobust on input line 129.
\g_MT_multlinerow_int=\count108
\l_MT_multwidth_dim=\dimen126
\origjot=\skip55
\l_MT_shortvdotswithinadjustabove_dim=\dimen127
\l_MT_shortvdotswithinadjustbelow_dim=\dimen128
\l_MT_above_intertext_sep=\dimen129
\l_MT_below_intertext_sep=\dimen130
\l_MT_above_shortintertext_sep=\dimen131
\l_MT_below_shortintertext_sep=\dimen132
)
("C:\Program Files (x86)\MiKTeX 2.9\tex\latex\caption\caption.sty"
Package: caption 2016/02/21 v3.3-144 Customizing captions (AR)

("C:\Program Files (x86)\MiKTeX 2.9\tex\latex\caption\caption3.sty"
Package: caption3 2016/05/22 v1.7-166 caption3 kernel (AR)
Package caption3 Info: TeX engine: e-TeX on input line 67.
\captionmargin=\dimen133
\captionmargin@=\dimen134
\captionwidth=\dimen135
\caption@tempdima=\dimen136
\caption@indent=\dimen137
\caption@parindent=\dimen138
\caption@hangindent=\dimen139
)
\c@ContinuedFloat=\count109
Package caption Info: subfigure package is loaded.
)
("C:\Program Files (x86)\MiKTeX 2.9\tex\latex\multirow\multirow.sty"
\bigstrutjot=\dimen140
)
("C:\Program Files (x86)\MiKTeX 2.9\tex\latex\rotating\rotating.sty"
Package: rotating 2009/03/28 v2.16a rotated objects in LaTeX

("C:\Program Files (x86)\MiKTeX 2.9\tex\latex\base\ifthen.sty"
Package: ifthen 2014/09/29 v1.1c Standard LaTeX ifthen package (DPC)
)
\c@r@tfl@t=\count110
\rotFPtop=\skip56
\rotFPbot=\skip57
\rot@float@box=\box28
\rot@mess@toks=\toks23
)
("C:\Program Files (x86)\MiKTeX 2.9\tex\latex\listings\listings.sty"
\lst@mode=\count111
\lst@gtempboxa=\box29
\lst@token=\toks24
\lst@length=\count112
\lst@currlwidth=\dimen141
\lst@column=\count113
\lst@pos=\count114
\lst@lostspace=\dimen142
\lst@width=\dimen143
\lst@newlines=\count115
\lst@lineno=\count116
\lst@maxwidth=\dimen144

("C:\Program Files (x86)\MiKTeX 2.9\tex\latex\listings\lstmisc.sty"
File: lstmisc.sty 2015/06/04 1.6 (Carsten Heinz)
\c@lstnumber=\count117
\lst@skipnumbers=\count118
\lst@framebox=\box30
)
("C:\Program Files (x86)\MiKTeX 2.9\tex\latex\listings\listings.cfg"
File: listings.cfg 2015/06/04 1.6 listings configuration
))
Package: listings 2015/06/04 1.6 (Carsten Heinz)

("C:\Program Files (x86)\MiKTeX 2.9\tex\latex\ltxmisc\anysize.sty"
Package: anysize 1994/08/13 1.0 Contributed LaTeX2e package

Package: `anysize' 1.0 <1994/08/13>
\@Leftmargin=\dimen145
\@Rightmargin=\dimen146
\@Topmargin=\dimen147
\@Bottommargin=\dimen148
) (thesis.aux (header.aux))
LaTeX Font Info:    Checking defaults for OML/cmm/m/it on input line 40.
LaTeX Font Info:    ... okay on input line 40.
LaTeX Font Info:    Checking defaults for T1/cmr/m/n on input line 40.
LaTeX Font Info:    ... okay on input line 40.
LaTeX Font Info:    Checking defaults for OT1/cmr/m/n on input line 40.
LaTeX Font Info:    ... okay on input line 40.
LaTeX Font Info:    Checking defaults for OMS/cmsy/m/n on input line 40.
LaTeX Font Info:    ... okay on input line 40.
LaTeX Font Info:    Checking defaults for OMX/cmex/m/n on input line 40.
LaTeX Font Info:    ... okay on input line 40.
LaTeX Font Info:    Checking defaults for U/cmr/m/n on input line 40.
LaTeX Font Info:    ... okay on input line 40.
LaTeX Font Info:    Checking defaults for OT4/cmr/m/n on input line 40.
LaTeX Font Info:    ... okay on input line 40.
LaTeX Info: Redefining \celsius on input line 40.
Package gensymb Info: Faking symbols for \degree and \celsius on input line 40.



Package gensymb Warning: Not defining \perthousand.

LaTeX Info: Redefining \ohm on input line 40.
Package gensymb Info: Using \Omega for \ohm on input line 40.

Package gensymb Warning: Not defining \micro.

("C:\Program Files (x86)\MiKTeX 2.9\tex\context\base\supp-pdf.mkii"
[Loading MPS to PDF converter (version 2006.09.02).]
\scratchcounter=\count119
\scratchdimen=\dimen149
\scratchbox=\box31
\nofMPsegments=\count120
\nofMParguments=\count121
\everyMPshowfont=\toks25
\MPscratchCnt=\count122
\MPscratchDim=\dimen150
\MPnumerator=\count123
\makeMPintoPDFobject=\count124
\everyMPtoPDFconversion=\toks26
)
Package caption Info: Begin \AtBeginDocument code.
Package caption Info: listings package is loaded.
Package caption Info: rotating package is loaded.
Package caption Info: End \AtBeginDocument code.
\c@lstlisting=\count125
 (header.tex <./figures/godlo.PNG, id=1, 909.3975pt x 909.3975pt>
File: ./figures/godlo.PNG Graphic file (type png)

<use ./figures/godlo.PNG>
Package pdftex.def Info: ./figures/godlo.PNG used on input line 20.
(pdftex.def)             Requested size: 90.94507pt x 90.94507pt.
 [1


{C:/Users/MichaÅ‚/AppData/Local/MiKTeX/2.9/pdftex/config/pdftex.map} <./figures
/godlo.PNG>] [2] [1] [4] (thesis.toc
LaTeX Font Info:    Try loading font information for OML+plm on input line 3.

("C:\Program Files (x86)\MiKTeX 2.9\tex\latex\polski\omlplm.fd"
File: omlplm.fd 2008/02/24 v1.2.1 Font defs for fonts PL (MW)
)
LaTeX Font Info:    Try loading font information for OMS+plsy on input line 3.

("C:\Program Files (x86)\MiKTeX 2.9\tex\latex\polski\omsplsy.fd"
File: omsplsy.fd 2008/02/24 v1.2.1 Font defs for fonts PL (MW)
)
LaTeX Font Info:    Try loading font information for OMX+plex on input line 3.

("C:\Program Files (x86)\MiKTeX 2.9\tex\latex\polski\omxplex.fd"
File: omxplex.fd 2008/02/24 v1.2.1 Font defs for fonts PL (MW)
)
LaTeX Font Info:    External font `plex10' loaded for size
(Font)              <12> on input line 3.
LaTeX Font Info:    External font `plex10' loaded for size
(Font)              <8> on input line 3.
LaTeX Font Info:    External font `plex10' loaded for size
(Font)              <6> on input line 3.
LaTeX Font Info:    Try loading font information for U+lasy on input line 3.

("C:\Program Files (x86)\MiKTeX 2.9\tex\latex\base\ulasy.fd"
File: ulasy.fd 1998/08/17 v2.2e LaTeX symbol font definitions
)
LaTeX Font Info:    Try loading font information for U+msa on input line 3.

("C:\Program Files (x86)\MiKTeX 2.9\tex\latex\amsfonts\umsa.fd"
File: umsa.fd 2013/01/14 v3.01 AMS symbols A
)
LaTeX Font Info:    Try loading font information for U+msb on input line 3.

("C:\Program Files (x86)\MiKTeX 2.9\tex\latex\amsfonts\umsb.fd"
File: umsb.fd 2013/01/14 v3.01 AMS symbols B
) [5

])
\tf@toc=\write3
 [6]
(thesis.lof
Underfull \vbox (badness 1057) has occurred while \output is active []

 [7

]
[8])
\tf@lof=\write4
 [9]) (Rozdzialy/wprowadzenie.tex [10


]
Rozdzia\PlPrIeC {\l } 1.

Underfull \vbox (badness 10000) has occurred while \output is active []

 [11])
(Rozdzialy/algorytmtabu.tex [12]
Rozdzia\PlPrIeC {\l } 2.

Underfull \vbox (badness 1810) has occurred while \output is active []

 [13

]
LaTeX Font Info:    Try loading font information for OMS+cmr on input line 12.

("C:\Program Files (x86)\MiKTeX 2.9\tex\latex\base\omscmr.fd"
File: omscmr.fd 2014/09/29 v2.5h Standard LaTeX font definitions
)
LaTeX Font Info:    Font shape `OMS/cmr/m/n' in size <12> not available
(Font)              Font shape `OMS/cmsy/m/n' tried instead on input line 12.

Underfull \vbox (badness 10000) has occurred while \output is active []

 [14]
<Resources/TabuSearchIL.png, id=52, 344.78813pt x 290.58563pt>
File: Resources/TabuSearchIL.png Graphic file (type png)

<use Resources/TabuSearchIL.png>
Package pdftex.def Info: Resources/TabuSearchIL.png used on input line 28.
(pdftex.def)             Requested size: 344.78728pt x 290.58492pt.
 [15]
<Resources/PseudokodTabu.png, id=57, 435.12563pt x 316.18124pt>
File: Resources/PseudokodTabu.png Graphic file (type png)

<use Resources/PseudokodTabu.png>
Package pdftex.def Info: Resources/PseudokodTabu.png used on input line 35.
(pdftex.def)             Requested size: 435.12456pt x 316.18047pt.

Overfull \hbox (8.3332pt too wide) in paragraph at lines 35--36
 [][] 
 []


Underfull \vbox (badness 2229) has occurred while \output is active []

 [16 <./Resources/TabuSearchIL.png>] [17 <./Resources/PseudokodTabu.png>] [18])

(Rozdzialy/planzajec.tex [19] [20

]
Rozdzia\PlPrIeC {\l } 3.

Overfull \hbox (4.88611pt too wide) in paragraph at lines 7--8
[]\OT4/cmr/m/n/12 zasoby to do-st¦p-ne sa-le lek-cyj-ne, na-uczy-cie-le pro-wa-
dz¡-cy za-j¦-cia, gru-py uczniów
 []

<Resources/podzialzasobow.png, id=76, 453.94594pt x 193.47281pt>
File: Resources/podzialzasobow.png Graphic file (type png)

<use Resources/podzialzasobow.png>
Package pdftex.def Info: Resources/podzialzasobow.png used on input line 13.
(pdftex.def)             Requested size: 453.94482pt x 193.47234pt.

Overfull \hbox (27.15347pt too wide) in paragraph at lines 13--14
 [][] 
 []

[21] [22 <./Resources/podzialzasobow.png>] [23] [24])
(Rozdzialy/danewejsciowe.tex [25] [26

]
Rozdzia\PlPrIeC {\l } 4.
<Resources/szablonXHSTT.png, id=99, 456.95718pt x 86.57344pt>
File: Resources/szablonXHSTT.png Graphic file (type png)

<use Resources/szablonXHSTT.png>
Package pdftex.def Info: Resources/szablonXHSTT.png used on input line 10.
(pdftex.def)             Requested size: 456.95605pt x 86.57321pt.

Overfull \hbox (30.1647pt too wide) in paragraph at lines 10--11
 [][] 
 []

[27 <./Resources/szablonXHSTT.png>]
<Resources/szablonXHSTTprzyklad.png, id=104, 462.22687pt x 141.52875pt>
File: Resources/szablonXHSTTprzyklad.png Graphic file (type png)

<use Resources/szablonXHSTTprzyklad.png>
Package pdftex.def Info: Resources/szablonXHSTTprzyklad.png used on input line 
18.
(pdftex.def)             Requested size: 462.22574pt x 141.5284pt.

Overfull \hbox (35.43439pt too wide) in paragraph at lines 18--19
 [][] 
 []

<Resources/skladniaSzablon.png, id=105, 460.72125pt x 85.06781pt>
File: Resources/skladniaSzablon.png Graphic file (type png)

<use Resources/skladniaSzablon.png>
Package pdftex.def Info: Resources/skladniaSzablon.png used on input line 31.
(pdftex.def)             Requested size: 460.72012pt x 85.0676pt.

Overfull \hbox (33.92877pt too wide) in paragraph at lines 31--32
 [][] 
 []

[28 <./Resources/szablonXHSTTprzyklad.png>]
<Resources/skladniaTimes.png, id=110, 462.97969pt x 201.75375pt>
File: Resources/skladniaTimes.png Graphic file (type png)

<use Resources/skladniaTimes.png>
Package pdftex.def Info: Resources/skladniaTimes.png used on input line 42.
(pdftex.def)             Requested size: 462.97855pt x 201.75325pt.

Overfull \hbox (36.1872pt too wide) in paragraph at lines 42--43
 [][] 
 []

<Resources/timesPrzyklad.png, id=111, 459.21562pt x 184.43906pt>
File: Resources/timesPrzyklad.png Graphic file (type png)

<use Resources/timesPrzyklad.png>
Package pdftex.def Info: Resources/timesPrzyklad.png used on input line 49.
(pdftex.def)             Requested size: 459.2145pt x 184.4386pt.

Overfull \hbox (32.42314pt too wide) in paragraph at lines 49--50
 [][] 
 []

<Resources/resourcesSkladnia.png, id=112, 487.06969pt x 228.855pt>
File: Resources/resourcesSkladnia.png Graphic file (type png)

<use Resources/resourcesSkladnia.png>
Package pdftex.def Info: Resources/resourcesSkladnia.png used on input line 60.

(pdftex.def)             Requested size: 487.06848pt x 228.85443pt.

Overfull \hbox (60.27713pt too wide) in paragraph at lines 60--61
 [][] 
 []

[29 <./Resources/skladniaSzablon.png> <./Resources/skladniaTimes.png>]
<Resources/resourcesPrzyklad.png, id=118, 484.81125pt x 112.92188pt>
File: Resources/resourcesPrzyklad.png Graphic file (type png)

<use Resources/resourcesPrzyklad.png>
Package pdftex.def Info: Resources/resourcesPrzyklad.png used on input line 67.

(pdftex.def)             Requested size: 484.81006pt x 112.92159pt.

Overfull \hbox (58.0187pt too wide) in paragraph at lines 67--68
 [][] 
 []

<Resources/eventsSkladnia.png, id=119, 487.06969pt x 216.05719pt>
File: Resources/eventsSkladnia.png Graphic file (type png)

<use Resources/eventsSkladnia.png>
Package pdftex.def Info: Resources/eventsSkladnia.png used on input line 78.
(pdftex.def)             Requested size: 487.06848pt x 216.05664pt.

Overfull \hbox (60.27713pt too wide) in paragraph at lines 78--79
 [][] 
 []

<Resources/eventsPrzyklad.png, id=120, 487.06969pt x 285.31593pt>
File: Resources/eventsPrzyklad.png Graphic file (type png)

<use Resources/eventsPrzyklad.png>
Package pdftex.def Info: Resources/eventsPrzyklad.png used on input line 85.
(pdftex.def)             Requested size: 487.06848pt x 285.31523pt.

Overfull \hbox (60.27713pt too wide) in paragraph at lines 85--86
 [][] 
 []

[30 <./Resources/timesPrzyklad.png>] [31 <./Resources/resourcesSkladnia.png> <.
/Resources/resourcesPrzyklad.png>] [32 <./Resources/eventsSkladnia.png> <./Reso
urces/eventsPrzyklad.png>]
<Resources/ograniczeniaSkladnia.png, id=136, 485.56406pt x 85.82062pt>
File: Resources/ograniczeniaSkladnia.png Graphic file (type png)

<use Resources/ograniczeniaSkladnia.png>
Package pdftex.def Info: Resources/ograniczeniaSkladnia.png used on input line 
96.
(pdftex.def)             Requested size: 485.56287pt x 85.82039pt.

Overfull \hbox (58.77151pt too wide) in paragraph at lines 96--97
 [][] 
 []

<Resources/ograniczeniaPrzyklad.png, id=137, 633.11531pt x 158.84344pt>
File: Resources/ograniczeniaPrzyklad.png Graphic file (type png)

<use Resources/ograniczeniaPrzyklad.png>
Package pdftex.def Info: Resources/ograniczeniaPrzyklad.png used on input line 
113.
(pdftex.def)             Requested size: 633.11375pt x 158.84305pt.

Overfull \hbox (206.3224pt too wide) in paragraph at lines 113--114
 [][] 
 []

) (Rozdzialy/przystosowanie.tex [33 <./Resources/ograniczeniaSkladnia.png>]
[34 <./Resources/ograniczeniaPrzyklad.png>]
Rozdzia\PlPrIeC {\l } 5.
<Resources/schematImplementacji.png, id=146, 310.15875pt x 579.66562pt>
File: Resources/schematImplementacji.png Graphic file (type png)

<use Resources/schematImplementacji.png>
Package pdftex.def Info: Resources/schematImplementacji.png used on input line 
7.
(pdftex.def)             Requested size: 309.7557pt x 578.87758pt.


LaTeX Warning: Float too large for page by 10.54724pt on input line 10.

[35

] [36 <./Resources/schematImplementacji.png>] [37]
<Resources/sasiedztwo.png, id=158, 440.39531pt x 157.33781pt>
File: Resources/sasiedztwo.png Graphic file (type png)

<use Resources/sasiedztwo.png>
Package pdftex.def Info: Resources/sasiedztwo.png used on input line 26.
(pdftex.def)             Requested size: 426.79135pt x 152.48303pt.
 [38 <./Resources/sasiedztwo.png>] [39])
(Rozdzialy/implementacja.tex [40]
Rozdzia\PlPrIeC {\l } 6.
[41

] [42] <Resources/linqprzyklad.png, id=175, 465.99094pt x 62.48344pt>
File: Resources/linqprzyklad.png Graphic file (type png)

<use Resources/linqprzyklad.png>
Package pdftex.def Info: Resources/linqprzyklad.png used on input line 30.
(pdftex.def)             Requested size: 465.98979pt x 62.48328pt.

Overfull \hbox (39.19844pt too wide) in paragraph at lines 30--31
 [][] 
 []

[43 <./Resources/linqprzyklad.png>]
<Resources/ResolveSimpleProblem.png, id=181, 402.00188pt x 548.80031pt>
File: Resources/ResolveSimpleProblem.png Graphic file (type png)

<use Resources/ResolveSimpleProblem.png>
Package pdftex.def Info: Resources/ResolveSimpleProblem.png used on input line 
55.
(pdftex.def)             Requested size: 402.00089pt x 548.79895pt.

<Resources/SelectbestInstance.png, id=182, 435.87843pt x 436.63126pt>
File: Resources/SelectbestInstance.png Graphic file (type png)

<use Resources/SelectbestInstance.png>
Package pdftex.def Info: Resources/SelectbestInstance.png used on input line 64
.
(pdftex.def)             Requested size: 435.87737pt x 436.63019pt.

Overfull \hbox (9.08601pt too wide) in paragraph at lines 64--65
 [][] 
 []

[44] [45 <./Resources/ResolveSimpleProblem.png>] [46 <./Resources/SelectbestIns
tance.png>] [47] <Resources/Aplikacja.png, id=197, 502.12593pt x 545.03625pt>
File: Resources/Aplikacja.png Graphic file (type png)

<use Resources/Aplikacja.png>
Package pdftex.def Info: Resources/Aplikacja.png used on input line 94.
(pdftex.def)             Requested size: 426.79135pt x 463.29132pt.
) (Rozdzialy/testowanie.tex [48] [49 <./Resources/Aplikacja.png>] [50

]
Rozdzia\PlPrIeC {\l } 7.
[51] [52] <Resources/sx.png, id=215, 505.13719pt x 168.63pt>
File: Resources/sx.png Graphic file (type png)

<use Resources/sx.png>
Package pdftex.def Info: Resources/sx.png used on input line 47.
(pdftex.def)             Requested size: 426.79135pt x 142.47675pt.
 <Resources/sb.png, id=216, 497.60907pt x 165.61874pt>
File: Resources/sb.png Graphic file (type png)

<use Resources/sb.png>
Package pdftex.def Info: Resources/sb.png used on input line 54.
(pdftex.def)             Requested size: 426.79135pt x 142.05026pt.

<Resources/postepywyszukiwania.png, id=217, 419.31656pt x 250.68657pt>
File: Resources/postepywyszukiwania.png Graphic file (type png)

<use Resources/postepywyszukiwania.png>
Package pdftex.def Info: Resources/postepywyszukiwania.png used on input line 6
3.
(pdftex.def)             Requested size: 426.79135pt x 255.15373pt.
 [53 <./Resources/sx.png> <./Resources/sb.png>]
Underfull \vbox (badness 10000) has occurred while \output is active []

 [54 <./Resources/postepywyszukiwania.png>]
<Resources/0.png, id=227, 420.82219pt x 251.43938pt>
File: Resources/0.png Graphic file (type png)
 <use Resources/0.png>
Package pdftex.def Info: Resources/0.png used on input line 82.
(pdftex.def)             Requested size: 426.79135pt x 255.01067pt.

<Resources/100.png, id=228, 418.56375pt x 251.43938pt>
File: Resources/100.png Graphic file (type png)
 <use Resources/100.png>
Package pdftex.def Info: Resources/100.png used on input line 89.
(pdftex.def)             Requested size: 426.79135pt x 256.38036pt.

<Resources/300.png, id=229, 418.56375pt x 249.18094pt>
File: Resources/300.png Graphic file (type png)
 <use Resources/300.png>
Package pdftex.def Info: Resources/300.png used on input line 96.
(pdftex.def)             Requested size: 426.79135pt x 254.07753pt.

<Resources/500.png, id=230, 420.82219pt x 252.19218pt>
File: Resources/500.png Graphic file (type png)
 <use Resources/500.png>
Package pdftex.def Info: Resources/500.png used on input line 103.
(pdftex.def)             Requested size: 426.79135pt x 255.77417pt.

<Resources/800.png, id=231, 419.31656pt x 251.43938pt>
File: Resources/800.png Graphic file (type png)
 <use Resources/800.png>
Package pdftex.def Info: Resources/800.png used on input line 110.
(pdftex.def)             Requested size: 426.79135pt x 255.91995pt.

Underfull \vbox (badness 1337) has occurred while \output is active []

 [55 <./Resources/0.png>] [56 <./Resources/100.png> <./Resources/300.png>] [57 
<./Resources/500.png> <./Resources/800.png>]
<Resources/ocenadodlugosci.png, id=247, 420.06938pt x 252.19218pt>
File: Resources/ocenadodlugosci.png Graphic file (type png)

<use Resources/ocenadodlugosci.png>
Package pdftex.def Info: Resources/ocenadodlugosci.png used on input line 127.
(pdftex.def)             Requested size: 426.79135pt x 256.22824pt.

Underfull \vbox (badness 10000) has occurred while \output is active []

 [58]
<Resources/tabelaocen.png, id=251, 396.7322pt x 42.1575pt>
File: Resources/tabelaocen.png Graphic file (type png)

<use Resources/tabelaocen.png>
Package pdftex.def Info: Resources/tabelaocen.png used on input line 134.
(pdftex.def)             Requested size: 426.79135pt x 45.3525pt.
) (Rozdzialy/zakonczenie.tex [59 <./Resources/ocenadodlugosci.png> <./Resources
/tabelaocen.png>] [60

]
Rozdzia\PlPrIeC {\l } 8.

Underfull \vbox (badness 10000) has occurred while \output is active []

 [61])
(thesis.bbl [62]
Underfull \hbox (badness 10000) in paragraph at lines 32--34
\OT4/cmr/m/it/12 started/introduction-to-the-csharp-language-and-the-net-framew
ork\OT4/cmr/m/n/12 , czer-wiec
 []

) (appendix.tex [63

] [64

]
Dodatek A.
<Resources/KOD2.png, id=273, 434.37282pt x 208.52907pt>
File: Resources/KOD2.png Graphic file (type png)

<use Resources/KOD2.png>
Package pdftex.def Info: Resources/KOD2.png used on input line 5.
(pdftex.def)             Requested size: 426.79135pt x 204.90118pt.

<Resources/KOD1.png, id=274, 437.38406pt x 329.73187pt>
File: Resources/KOD1.png Graphic file (type png)

<use Resources/KOD1.png>
Package pdftex.def Info: Resources/KOD1.png used on input line 12.
(pdftex.def)             Requested size: 426.79135pt x 321.7514pt.

<Resources/KOD3.png, id=275, 439.6425pt x 219.82124pt>
File: Resources/KOD3.png Graphic file (type png)

<use Resources/KOD3.png>
Package pdftex.def Info: Resources/KOD3.png used on input line 20.
(pdftex.def)             Requested size: 426.79135pt x 213.40076pt.

<Resources/KOD4.png, id=276, 471.26062pt x 243.15843pt>
File: Resources/KOD4.png Graphic file (type png)

<use Resources/KOD4.png>
Package pdftex.def Info: Resources/KOD4.png used on input line 27.
(pdftex.def)             Requested size: 426.79135pt x 220.21709pt.

<Resources/KOD5.png, id=277, 446.41782pt x 170.88844pt>
File: Resources/KOD5.png Graphic file (type png)

<use Resources/KOD5.png>
Package pdftex.def Info: Resources/KOD5.png used on input line 34.
(pdftex.def)             Requested size: 426.79135pt x 163.37828pt.

<Resources/KOD6.png, id=278, 423.08063pt x 123.46124pt>
File: Resources/KOD6.png Graphic file (type png)

<use Resources/KOD6.png>
Package pdftex.def Info: Resources/KOD6.png used on input line 41.
(pdftex.def)             Requested size: 426.79135pt x 124.5479pt.
 <Resources/KOD7.png, id=279, 469.755pt x 579.66562pt>
File: Resources/KOD7.png Graphic file (type png)

<use Resources/KOD7.png>
Package pdftex.def Info: Resources/KOD7.png used on input line 48.
(pdftex.def)             Requested size: 426.79135pt x 526.64742pt.

<Resources/KOD8.png, id=280, 465.99094pt x 526.96875pt>
File: Resources/KOD8.png Graphic file (type png)

<use Resources/KOD8.png>
Package pdftex.def Info: Resources/KOD8.png used on input line 55.
(pdftex.def)             Requested size: 426.79135pt x 482.65413pt.

<Resources/KOD9.png, id=281, 439.6425pt x 268.00125pt>
File: Resources/KOD9.png Graphic file (type png)

<use Resources/KOD9.png>
Package pdftex.def Info: Resources/KOD9.png used on input line 62.
(pdftex.def)             Requested size: 426.79135pt x 260.17352pt.
) [65] [66 <./Resources/KOD2.png> <./Resources/KOD1.png>] [67 <./Resources/KOD3
.png> <./Resources/KOD4.png>] [68 <./Resources/KOD5.png> <./Resources/KOD6.png>
] [69 <./Resources/KOD7.png>] [70 <./Resources/KOD8.png>] [71 <./Resources/KOD9
.png>] (thesis.aux (header.aux)) ) 
Here is how much of TeX's memory you used:
 6246 strings out of 493673
 92706 string characters out of 3141524
 146467 words of memory out of 3000000
 9400 multiletter control sequences out of 15000+200000
 14989 words of font info for 46 fonts, out of 3000000 for 9000
 1025 hyphenation exceptions out of 8191
 36i,6n,39p,2057b,363s stack positions out of 5000i,500n,10000p,200000b,50000s
{C:/Program Files (x86)/MiKTeX 2.9/fonts/enc/
dvips/pl/plmi.enc}{C:/Program Files (x86)/MiKTeX 2.9/fonts/enc/dvips/pl/plms.en
c}{C:/Program Files (x86)/MiKTeX 2.9/fonts/enc/dvips/pl/plit.enc}{C:/Program Fi
les (x86)/MiKTeX 2.9/fonts/enc/dvips/pl/plrm.enc}{C:/Program Files (x86)/MiKTeX
 2.9/fonts/enc/dvips/pl/plsc.enc}<C:/Program Files (x86)/MiKTeX 2.9/fonts/type1
/public/amsfonts/cm/cmsy10.pfb><C:/Program Files (x86)/MiKTeX 2.9/fonts/type1/p
ublic/pl/plbx12.pfb><C:/Program Files (x86)/MiKTeX 2.9/fonts/type1/public/pl/pl
csc10.pfb><C:/Program Files (x86)/MiKTeX 2.9/fonts/type1/public/pl/plmi12.pfb><
C:/Program Files (x86)/MiKTeX 2.9/fonts/type1/public/pl/plr12.pfb><C:/Program F
iles (x86)/MiKTeX 2.9/fonts/type1/public/pl/plsy10.pfb><C:/Program Files (x86)/
MiKTeX 2.9/fonts/type1/public/pl/plti12.pfb>
Output written on thesis.pdf (71 pages, 1292780 bytes).
PDF statistics:
 343 PDF objects out of 1000 (max. 8388607)
 0 named destinations out of 1000 (max. 500000)
 201 words of extra memory for PDF output out of 10000 (max. 10000000)

